Start testing: Jun 08 19:33 CST
----------------------------------------------------------
1/1 Testing: FileTest.Put
1/1 Test: FileTest.Put
Command: "/home/knight/cpp_pros/little_kv/build/test/test_kv_on_file" "--gtest_filter=FileTest.Put" "--gtest_also_run_disabled_tests"
Directory: /home/knight/cpp_pros/little_kv/build/test
"FileTest.Put" start time: Jun 08 19:33 CST
Output:
----------------------------------------------------------
Note: Google Test filter = FileTest.Put
[==========] Running 1 test from 1 test suite.
[----------] Global test environment set-up.
[----------] 1 test from FileTest
[ RUN      ] FileTest.Put
init succeed!
writing d : four
writing a : one
over!
[       OK ] FileTest.Put (0 ms)
[----------] 1 test from FileTest (0 ms total)

[----------] Global test environment tear-down
[==========] 1 test from 1 test suite ran. (0 ms total)
[  PASSED  ] 1 test.
<end of output>
Test time =   0.00 sec
----------------------------------------------------------
Test Passed.
"FileTest.Put" end time: Jun 08 19:33 CST
"FileTest.Put" time elapsed: 00:00:00
----------------------------------------------------------

End testing: Jun 08 19:33 CST
